<?xml version="1.0" encoding="UTF-8" ?>
<testsuite tests="4" failures="0" name="com.browserstack.SingleTest" time="81.822" errors="0" skipped="0">
  <properties>
[...]
</properties>
  <testcase classname="com.browserstack.SingleTest" name="test[0]" time="14.291"/>
  <testcase classname="com.browserstack.SingleTest" name="test[2]" time="14.822"/>
  <testcase classname="com.browserstack.SingleTest" name="test[1]" time="23.279"/>
  <testcase classname="com.browserstack.SingleTest" name="test[3]" time="29.43"/>
</testsuite>